<?xml version="1.0" encoding="UTF-8"?>
<testng-results skipped="0" failed="0" total="1" passed="1">
  <reporter-output>
  </reporter-output>
  <suite name="Default suite" duration-ms="234" started-at="2016-02-10T10:36:28Z" finished-at="2016-02-10T10:36:28Z">
    <groups>
    </groups>
    <test name="Default test" duration-ms="234" started-at="2016-02-10T10:36:28Z" finished-at="2016-02-10T10:36:28Z">
      <class name="parser.csv.test.ParserTest">
        <test-method status="PASS" signature="parserTest()[pri:0, instance:parser.csv.test.ParserTest@5d3411d]" name="parserTest" duration-ms="234" started-at="2016-02-10T11:36:28Z" finished-at="2016-02-10T11:36:28Z">
          <reporter-output>
          </reporter-output>
        </test-method> <!-- parserTest -->
      </class> <!-- parser.csv.test.ParserTest -->
    </test> <!-- Default test -->
  </suite> <!-- Default suite -->
</testng-results>
